<?xml version="1.0" encoding="UTF-8"?>
<coverage generated="1782866709036" clover="3.2.0">
  <project timestamp="1782866709036" name="All files">
    <metrics statements="26" coveredstatements="20" conditionals="4" coveredconditionals="3" methods="4" coveredmethods="2" elements="34" coveredelements="25" complexity="0" loc="26" ncloc="26" packages="2" files="2" classes="2"/>
    <package name="store">
      <metrics statements="2" coveredstatements="2" conditionals="0" coveredconditionals="0" methods="0" coveredmethods="0"/>
      <file name="index.ts" path="/Users/gabrielkanawati/Documents/Github/redux-zustand-react/src/store/index.ts">
        <metrics statements="2" coveredstatements="2" conditionals="0" coveredconditionals="0" methods="0" coveredmethods="0"/>
        <line num="5" count="1" type="stmt"/>
        <line num="12" count="1" type="stmt"/>
      </file>
    </package>
    <package name="store.slices">
      <metrics statements="24" coveredstatements="18" conditionals="4" coveredconditionals="3" methods="4" coveredmethods="2"/>
      <file name="player.ts" path="/Users/gabrielkanawati/Documents/Github/redux-zustand-react/src/store/slices/player.ts">
        <metrics statements="24" coveredstatements="18" conditionals="4" coveredconditionals="3" methods="4" coveredmethods="2"/>
        <line num="4" count="1" type="stmt"/>
        <line num="56" count="1" type="stmt"/>
        <line num="57" count="1" type="stmt"/>
        <line num="58" count="1" type="stmt"/>
        <line num="60" count="1" type="stmt"/>
        <line num="61" count="1" type="stmt"/>
        <line num="64" count="4" type="stmt"/>
        <line num="66" count="4" type="stmt"/>
        <line num="68" count="4" type="stmt"/>
        <line num="70" count="4" type="cond" truecount="1" falsecount="1"/>
        <line num="71" count="0" type="stmt"/>
        <line num="73" count="4" type="stmt"/>
        <line num="74" count="4" type="stmt"/>
        <line num="76" count="4" type="cond" truecount="2" falsecount="0"/>
        <line num="77" count="2" type="stmt"/>
        <line num="78" count="2" type="stmt"/>
        <line num="85" count="1" type="stmt"/>
        <line num="87" count="1" type="stmt"/>
        <line num="89" count="1" type="stmt"/>
        <line num="90" count="0" type="stmt"/>
        <line num="91" count="0" type="stmt"/>
        <line num="93" count="0" type="stmt"/>
        <line num="94" count="0" type="stmt"/>
        <line num="96" count="0" type="stmt"/>
      </file>
    </package>
  </project>
</coverage>
