{"/Users/gabrielkanawati/Documents/Github/redux-zustand-react/src/store/index.ts": {"path":"/Users/gabrielkanawati/Documents/Github/redux-zustand-react/src/store/index.ts","statementMap":{"0":{"start":{"line":5,"column":13},"end":{"line":9,"column":null}},"1":{"start":{"line":12,"column":63},"end":{"line":12,"column":null}}},"fnMap":{},"branchMap":{},"s":{"0":1,"1":1},"f":{},"b":{},"meta":{"lastBranch":0,"lastFunction":0,"lastStatement":2,"seen":{"s:5:13:9:Infinity":0,"s:12:63:12:Infinity":1},"fnNames":{}}}
,"/Users/gabrielkanawati/Documents/Github/redux-zustand-react/src/store/slices/player.ts": {"path":"/Users/gabrielkanawati/Documents/Github/redux-zustand-react/src/store/slices/player.ts","statementMap":{"0":{"start":{"line":4,"column":13},"end":{"line":83,"column":null}},"1":{"start":{"line":56,"column":43},"end":{"line":56,"column":null}},"2":{"start":{"line":57,"column":6},"end":{"line":57,"column":null}},"3":{"start":{"line":58,"column":6},"end":{"line":58,"column":null}},"4":{"start":{"line":60,"column":6},"end":{"line":60,"column":null}},"5":{"start":{"line":61,"column":6},"end":{"line":61,"column":null}},"6":{"start":{"line":64,"column":6},"end":{"line":64,"column":null}},"7":{"start":{"line":66,"column":30},"end":{"line":66,"column":null}},"8":{"start":{"line":68,"column":8},"end":{"line":68,"column":null}},"9":{"start":{"line":70,"column":6},"end":{"line":80,"column":null}},"10":{"start":{"line":71,"column":8},"end":{"line":71,"column":null}},"11":{"start":{"line":73,"column":32},"end":{"line":73,"column":null}},"12":{"start":{"line":74,"column":27},"end":{"line":74,"column":null}},"13":{"start":{"line":76,"column":8},"end":{"line":79,"column":null}},"14":{"start":{"line":77,"column":10},"end":{"line":77,"column":null}},"15":{"start":{"line":78,"column":10},"end":{"line":78,"column":null}},"16":{"start":{"line":85,"column":22},"end":{"line":85,"column":null}},"17":{"start":{"line":87,"column":30},"end":{"line":87,"column":null}},"18":{"start":{"line":89,"column":13},"end":{"line":98,"column":null}},"19":{"start":{"line":90,"column":2},"end":{"line":97,"column":null}},"20":{"start":{"line":91,"column":55},"end":{"line":91,"column":null}},"21":{"start":{"line":93,"column":26},"end":{"line":93,"column":null}},"22":{"start":{"line":94,"column":26},"end":{"line":94,"column":null}},"23":{"start":{"line":96,"column":4},"end":{"line":96,"column":null}}},"fnMap":{"0":{"name":"(anonymous_0)","decl":{"start":{"line":52,"column":4},"end":{"line":52,"column":null}},"loc":{"start":{"line":55,"column":9},"end":{"line":62,"column":null}},"line":55},"1":{"name":"(anonymous_1)","decl":{"start":{"line":63,"column":4},"end":{"line":63,"column":11}},"loc":{"start":{"line":63,"column":21},"end":{"line":81,"column":null}},"line":63},"2":{"name":"(anonymous_2)","decl":{"start":{"line":89,"column":13},"end":{"line":89,"column":38}},"loc":{"start":{"line":89,"column":38},"end":{"line":98,"column":null}},"line":89},"3":{"name":"(anonymous_3)","decl":{"start":{"line":90,"column":9},"end":{"line":90,"column":25}},"loc":{"start":{"line":90,"column":35},"end":{"line":97,"column":3}},"line":90}},"branchMap":{"0":{"loc":{"start":{"line":70,"column":6},"end":{"line":80,"column":null}},"type":"if","locations":[{"start":{"line":70,"column":6},"end":{"line":80,"column":null}},{"start":{"line":72,"column":13},"end":{"line":80,"column":null}}],"line":70},"1":{"loc":{"start":{"line":76,"column":8},"end":{"line":79,"column":null}},"type":"if","locations":[{"start":{"line":76,"column":8},"end":{"line":79,"column":null}},{"start":{},"end":{}}],"line":76}},"s":{"0":1,"1":1,"2":1,"3":1,"4":1,"5":1,"6":4,"7":4,"8":4,"9":4,"10":0,"11":4,"12":4,"13":4,"14":2,"15":2,"16":1,"17":1,"18":1,"19":0,"20":0,"21":0,"22":0,"23":0},"f":{"0":1,"1":4,"2":0,"3":0},"b":{"0":[0,4],"1":[2,2]},"meta":{"lastBranch":2,"lastFunction":4,"lastStatement":24,"seen":{"s:4:13:83:Infinity":0,"f:52:4:52:Infinity":0,"s:56:43:56:Infinity":1,"s:57:6:57:Infinity":2,"s:58:6:58:Infinity":3,"s:60:6:60:Infinity":4,"s:61:6:61:Infinity":5,"f:63:4:63:11":1,"s:64:6:64:Infinity":6,"s:66:30:66:Infinity":7,"s:68:8:68:Infinity":8,"b:70:6:80:Infinity:72:13:80:Infinity":0,"s:70:6:80:Infinity":9,"s:71:8:71:Infinity":10,"s:73:32:73:Infinity":11,"s:74:27:74:Infinity":12,"b:76:8:79:Infinity:undefined:undefined:undefined:undefined":1,"s:76:8:79:Infinity":13,"s:77:10:77:Infinity":14,"s:78:10:78:Infinity":15,"s:85:22:85:Infinity":16,"s:87:30:87:Infinity":17,"s:89:13:98:Infinity":18,"f:89:13:89:38":2,"s:90:2:97:Infinity":19,"f:90:9:90:25":3,"s:91:55:91:Infinity":20,"s:93:26:93:Infinity":21,"s:94:26:94:Infinity":22,"s:96:4:96:Infinity":23},"fnNames":{}}}
}
